OpenJDK 64-Bit Server VM warning: Option UseConcMarkSweepGC was deprecated in version 9.0 and will likely be removed in a future release.
2021-03-10 20:42:55,091 [    392]   WARN - llij.ide.plugins.PluginManager - Resource bundle redefinition for plugin 'com.jetbrains.pycharm.community.customization'. Old value: messages.ActionsBundle, new value: messages.PyBundle 
2021-03-10 20:42:55,728 [   1029]   WARN - nSystem.impl.ActionManagerImpl - keymap "Visual Studio" not found [Plugin: com.intellij] 
2021-03-10 20:42:55,730 [   1031]   WARN - nSystem.impl.ActionManagerImpl - keymap "Eclipse" not found [Plugin: com.intellij] 
2021-03-10 20:42:55,730 [   1031]   WARN - nSystem.impl.ActionManagerImpl - keymap "NetBeans 6.5" not found [Plugin: com.intellij] 
2021-03-10 20:42:55,731 [   1032]   WARN - nSystem.impl.ActionManagerImpl - keymap "Visual Studio" not found [Plugin: com.intellij] 
2021-03-10 20:42:55,740 [   1041]   WARN - nSystem.impl.ActionManagerImpl - keymap "Eclipse" not found [Plugin: IdeaVIM] 
2021-03-10 20:42:55,740 [   1041]   WARN - nSystem.impl.ActionManagerImpl - keymap "NetBeans 6.5" not found [Plugin: IdeaVIM] 
2021-03-10 20:42:55,741 [   1042]   WARN - nSystem.impl.ActionManagerImpl - keymap "Visual Studio" not found [Plugin: IdeaVIM] 
2021-03-10 20:42:55,869 [   1170]   WARN - nSystem.impl.ActionManagerImpl - keymap "Eclipse" not found [Plugin: org.jetbrains.plugins.github] 
2021-03-10 20:42:55,873 [   1174]   WARN - nSystem.impl.ActionManagerImpl - keymap "Eclipse" not found [Plugin: PythonCore] 
2021-03-10 20:42:55,873 [   1174]   WARN - nSystem.impl.ActionManagerImpl - keymap "NetBeans 6.5" not found [Plugin: PythonCore] 
2021-03-10 20:42:57,912 [   3213]   WARN -        #com.intellij.idea.Main - can't parse gsettings line: @a(ss) [] 








2021-03-10 20:43:00,048 [   5349]  ERROR - terminal.emulator.JediEmulator - Error processing OSC 1;.._info_crawler 
2021-03-10 20:43:00,134 [   5435]  ERROR - terminal.emulator.JediEmulator - Unhandled Control sequence
parsed                        :ESC[?2004h
bytes read                    :ESC[ 
2021-03-10 20:43:09,378 [  14679]   WARN - .skeletons.PySkeletonRefresher - Some skeletons failed to generate 
2021-03-10 20:43:09,379 [  14680]   WARN - .skeletons.PySkeletonRefresher - caffe2.python.caffe2_pybind11_state 
2021-03-10 20:43:09,379 [  14680]   WARN - .skeletons.PySkeletonRefresher - caffe2.python.caffe2_pybind11_state_gpu 
2021-03-10 20:43:09,379 [  14680]   WARN - .skeletons.PySkeletonRefresher - dgl._ffi._cy3.core 
2021-03-10 20:43:09,379 [  14680]   WARN - .skeletons.PySkeletonRefresher - dgl.libdgl 
2021-03-10 20:43:09,379 [  14680]   WARN - .skeletons.PySkeletonRefresher - lightgbm.lib_lightgbm 
2021-03-10 20:43:09,379 [  14680]   WARN - .skeletons.PySkeletonRefresher - llvmlite.binding.libllvmlite 
2021-03-10 20:43:09,379 [  14680]   WARN - .skeletons.PySkeletonRefresher - scipy.optimize._lsap_ 
2021-03-10 20:43:09,379 [  14680]   WARN - .skeletons.PySkeletonRefresher - skimage._shared.geometry 
2021-03-10 20:43:09,379 [  14680]   WARN - .skeletons.PySkeletonRefresher - skimage._shared.interpolation 
2021-03-10 20:43:09,379 [  14680]   WARN - .skeletons.PySkeletonRefresher - skimage._shared.transform 
2021-03-10 20:43:09,379 [  14680]   WARN - .skeletons.PySkeletonRefresher - skimage.draw._draw 
2021-03-10 20:43:09,379 [  14680]   WARN - .skeletons.PySkeletonRefresher - skimage.external.tifffile._tifffile 
2021-03-10 20:43:09,379 [  14680]   WARN - .skeletons.PySkeletonRefresher - skimage.feature._hessian_det_appx 
2021-03-10 20:43:09,379 [  14680]   WARN - .skeletons.PySkeletonRefresher - skimage.feature._hoghistogram 
2021-03-10 20:43:09,379 [  14680]   WARN - .skeletons.PySkeletonRefresher - skimage.feature._texture 
2021-03-10 20:43:09,379 [  14680]   WARN - .skeletons.PySkeletonRefresher - skimage.feature.brief_cy 
2021-03-10 20:43:09,379 [  14680]   WARN - .skeletons.PySkeletonRefresher - skimage.feature.censure_cy 
2021-03-10 20:43:09,379 [  14680]   WARN - .skeletons.PySkeletonRefresher - skimage.feature.corner_cy 
2021-03-10 20:43:09,379 [  14680]   WARN - .skeletons.PySkeletonRefresher - skimage.feature.orb_cy 
2021-03-10 20:43:09,379 [  14680]   WARN - .skeletons.PySkeletonRefresher - skimage.filters._ctmf 
2021-03-10 20:43:09,379 [  14680]   WARN - .skeletons.PySkeletonRefresher - skimage.filters.rank.bilateral_cy 
2021-03-10 20:43:09,379 [  14680]   WARN - .skeletons.PySkeletonRefresher - skimage.filters.rank.core_cy 
2021-03-10 20:43:09,379 [  14680]   WARN - .skeletons.PySkeletonRefresher - skimage.filters.rank.generic_cy 
2021-03-10 20:43:09,379 [  14680]   WARN - .skeletons.PySkeletonRefresher - skimage.filters.rank.percentile_cy 
2021-03-10 20:43:09,379 [  14680]   WARN - .skeletons.PySkeletonRefresher - skimage.future.graph._ncut_cy 
2021-03-10 20:43:09,379 [  14680]   WARN - .skeletons.PySkeletonRefresher - skimage.graph._mcp 
2021-03-10 20:43:09,379 [  14680]   WARN - .skeletons.PySkeletonRefresher - skimage.graph._spath 
2021-03-10 20:43:09,379 [  14680]   WARN - .skeletons.PySkeletonRefresher - skimage.graph.heap 
2021-03-10 20:43:09,379 [  14680]   WARN - .skeletons.PySkeletonRefresher - skimage.io._plugins._colormixer 
2021-03-10 20:43:09,379 [  14680]   WARN - .skeletons.PySkeletonRefresher - skimage.io._plugins._histograms 
2021-03-10 20:43:09,379 [  14680]   WARN - .skeletons.PySkeletonRefresher - skimage.measure._ccomp 
2021-03-10 20:43:09,379 [  14680]   WARN - .skeletons.PySkeletonRefresher - skimage.measure._find_contours_cy 
2021-03-10 20:43:09,379 [  14680]   WARN - .skeletons.PySkeletonRefresher - skimage.measure._marching_cubes_classic_cy 
2021-03-10 20:43:09,379 [  14680]   WARN - .skeletons.PySkeletonRefresher - skimage.measure._marching_cubes_lewiner_cy 
2021-03-10 20:43:09,379 [  14680]   WARN - .skeletons.PySkeletonRefresher - skimage.measure._moments_cy 
2021-03-10 20:43:09,379 [  14680]   WARN - .skeletons.PySkeletonRefresher - skimage.measure._pnpoly 
2021-03-10 20:43:09,379 [  14680]   WARN - .skeletons.PySkeletonRefresher - skimage.morphology._convex_hull 
2021-03-10 20:43:09,379 [  14680]   WARN - .skeletons.PySkeletonRefresher - skimage.morphology._greyreconstruct 
2021-03-10 20:43:09,379 [  14680]   WARN - .skeletons.PySkeletonRefresher - skimage.morphology._skeletonize_3d_cy 
2021-03-10 20:43:09,379 [  14680]   WARN - .skeletons.PySkeletonRefresher - skimage.morphology._skeletonize_cy 
2021-03-10 20:43:09,379 [  14680]   WARN - .skeletons.PySkeletonRefresher - skimage.morphology._watershed 
2021-03-10 20:43:09,379 [  14680]   WARN - .skeletons.PySkeletonRefresher - skimage.restoration._denoise_cy 
2021-03-10 20:43:09,379 [  14680]   WARN - .skeletons.PySkeletonRefresher - skimage.restoration._nl_means_denoising 
2021-03-10 20:43:09,379 [  14680]   WARN - .skeletons.PySkeletonRefresher - skimage.restoration._unwrap_1d 
2021-03-10 20:43:09,379 [  14680]   WARN - .skeletons.PySkeletonRefresher - skimage.restoration._unwrap_2d 
2021-03-10 20:43:09,379 [  14680]   WARN - .skeletons.PySkeletonRefresher - skimage.restoration._unwrap_3d 
2021-03-10 20:43:09,379 [  14680]   WARN - .skeletons.PySkeletonRefresher - skimage.segmentation._felzenszwalb_cy 
2021-03-10 20:43:09,379 [  14680]   WARN - .skeletons.PySkeletonRefresher - skimage.segmentation._quickshift_cy 
2021-03-10 20:43:09,379 [  14680]   WARN - .skeletons.PySkeletonRefresher - skimage.segmentation._slic 
2021-03-10 20:43:09,379 [  14680]   WARN - .skeletons.PySkeletonRefresher - skimage.transform._hough_transform 
2021-03-10 20:43:09,379 [  14680]   WARN - .skeletons.PySkeletonRefresher - skimage.transform._radon_transform 
2021-03-10 20:43:09,379 [  14680]   WARN - .skeletons.PySkeletonRefresher - skimage.transform._seam_carving 
2021-03-10 20:43:09,379 [  14680]   WARN - .skeletons.PySkeletonRefresher - skimage.transform._warps_cy 
2021-03-10 20:43:09,379 [  14680]   WARN - .skeletons.PySkeletonRefresher - tensorflow.compiler.tf2tensorrt.python.ops.libtftrt 
2021-03-10 20:43:09,379 [  14680]   WARN - .skeletons.PySkeletonRefresher - tensorflow.compiler.tf2xla.ops._xla_ops 
2021-03-10 20:43:09,379 [  14680]   WARN - .skeletons.PySkeletonRefresher - tensorflow.contrib.ffmpeg.ffmpeg 
2021-03-10 20:43:09,379 [  14680]   WARN - .skeletons.PySkeletonRefresher - tensorflow.contrib.ignite._ignite_ops 
2021-03-10 20:43:09,379 [  14680]   WARN - .skeletons.PySkeletonRefresher - tensorflow.contrib.rpc.python.kernel_tests.libtestexample 
2021-03-10 20:43:09,379 [  14680]   WARN - .skeletons.PySkeletonRefresher - tensorflow.contrib.tensor_forest.libforestprotos 
2021-03-10 20:43:09,379 [  14680]   WARN - .skeletons.PySkeletonRefresher - test.test_evaluate.init_extension_module.__init__ 
2021-03-10 20:43:09,379 [  14680]   WARN - .skeletons.PySkeletonRefresher - torch.lib.libc10 
2021-03-10 20:43:09,379 [  14680]   WARN - .skeletons.PySkeletonRefresher - torch.lib.libc10_cuda 
2021-03-10 20:43:09,379 [  14680]   WARN - .skeletons.PySkeletonRefresher - torch.lib.libcaffe2_detectron_ops_gpu 
2021-03-10 20:43:09,379 [  14680]   WARN - .skeletons.PySkeletonRefresher - torch.lib.libcaffe2_module_test_dynamic 
2021-03-10 20:43:09,379 [  14680]   WARN - .skeletons.PySkeletonRefresher - torch.lib.libcaffe2_nvrtc 
2021-03-10 20:43:09,379 [  14680]   WARN - .skeletons.PySkeletonRefresher - torch.lib.libcaffe2_observers 
2021-03-10 20:43:09,379 [  14680]   WARN - .skeletons.PySkeletonRefresher - torch.lib.libshm 
2021-03-10 20:43:09,379 [  14680]   WARN - .skeletons.PySkeletonRefresher - torch.lib.libtensorpipe 
2021-03-10 20:43:09,379 [  14680]   WARN - .skeletons.PySkeletonRefresher - torch.lib.libtorch 
2021-03-10 20:43:09,379 [  14680]   WARN - .skeletons.PySkeletonRefresher - torch.lib.libtorch_cpu 
2021-03-10 20:43:09,379 [  14680]   WARN - .skeletons.PySkeletonRefresher - torch.lib.libtorch_cuda 
2021-03-10 20:43:09,379 [  14680]   WARN - .skeletons.PySkeletonRefresher - torch.lib.libtorch_global_deps 
2021-03-10 20:43:09,379 [  14680]   WARN - .skeletons.PySkeletonRefresher - torch.lib.libtorch_python 
2021-03-10 20:43:09,379 [  14680]   WARN - .skeletons.PySkeletonRefresher - torch_cluster._fps 
2021-03-10 20:43:09,379 [  14680]   WARN - .skeletons.PySkeletonRefresher - torch_cluster._graclus 
2021-03-10 20:43:09,379 [  14680]   WARN - .skeletons.PySkeletonRefresher - torch_cluster._grid 
2021-03-10 20:43:09,379 [  14680]   WARN - .skeletons.PySkeletonRefresher - torch_cluster._knn 
2021-03-10 20:43:09,379 [  14680]   WARN - .skeletons.PySkeletonRefresher - torch_cluster._nearest 
2021-03-10 20:43:09,379 [  14680]   WARN - .skeletons.PySkeletonRefresher - torch_cluster._radius 
2021-03-10 20:43:09,379 [  14680]   WARN - .skeletons.PySkeletonRefresher - torch_cluster._rw 
2021-03-10 20:43:09,379 [  14680]   WARN - .skeletons.PySkeletonRefresher - torch_cluster._sampler 
2021-03-10 20:43:09,379 [  14680]   WARN - .skeletons.PySkeletonRefresher - torch_cluster._version 
2021-03-10 20:43:09,379 [  14680]   WARN - .skeletons.PySkeletonRefresher - torch_scatter._scatter 
2021-03-10 20:43:09,379 [  14680]   WARN - .skeletons.PySkeletonRefresher - torch_scatter._segment_coo 
2021-03-10 20:43:09,379 [  14680]   WARN - .skeletons.PySkeletonRefresher - torch_scatter._segment_csr 
2021-03-10 20:43:09,379 [  14680]   WARN - .skeletons.PySkeletonRefresher - torch_scatter._version 
2021-03-10 20:43:09,379 [  14680]   WARN - .skeletons.PySkeletonRefresher - torch_sparse._convert 
2021-03-10 20:43:09,379 [  14680]   WARN - .skeletons.PySkeletonRefresher - torch_sparse._diag 
2021-03-10 20:43:09,379 [  14680]   WARN - .skeletons.PySkeletonRefresher - torch_sparse._metis 
2021-03-10 20:43:09,379 [  14680]   WARN - .skeletons.PySkeletonRefresher - torch_sparse._relabel 
2021-03-10 20:43:09,379 [  14680]   WARN - .skeletons.PySkeletonRefresher - torch_sparse._rw 
2021-03-10 20:43:09,379 [  14680]   WARN - .skeletons.PySkeletonRefresher - torch_sparse._saint 
2021-03-10 20:43:09,379 [  14680]   WARN - .skeletons.PySkeletonRefresher - torch_sparse._sample 
2021-03-10 20:43:09,379 [  14680]   WARN - .skeletons.PySkeletonRefresher - torch_sparse._spmm 
2021-03-10 20:43:09,379 [  14680]   WARN - .skeletons.PySkeletonRefresher - torch_sparse._spspmm 
2021-03-10 20:43:09,379 [  14680]   WARN - .skeletons.PySkeletonRefresher - torch_sparse._version 
2021-03-10 20:43:09,379 [  14680]   WARN - .skeletons.PySkeletonRefresher - torch_spline_conv._basis 
2021-03-10 20:43:09,379 [  14680]   WARN - .skeletons.PySkeletonRefresher - torch_spline_conv._version 
2021-03-10 20:43:09,379 [  14680]   WARN - .skeletons.PySkeletonRefresher - torch_spline_conv._weighting 
2021-03-10 20:43:09,379 [  14680]   WARN - .skeletons.PySkeletonRefresher - torchvision._C 
2021-03-10 20:43:09,379 [  14680]   WARN - .skeletons.PySkeletonRefresher - torchvision.image 
[0310/204409.110262:FATAL:gpu_data_manager_impl_private.cc(439)] GPU process isn't usable. Goodbye.
Trace/breakpoint trap (core dumped)
